[latent6_pm25wt] Device: cuda
[latent6_pm25wt] K=10, latent_dim=6, beta=1.0, kl_warmup=0, exclude_doy=True
[latent6_pm25wt] 1,883,144 obs, 16 features
[latent6_pm25wt] Feature weights: [1.634, 2.927, 2.779, 2.597, 2.746, 2.723, 2.961, 1.349, 5.0, 2.413, 2.032, 4.089, 3.325, 1.004, 1.703, 1.537]
[latent6_pm25wt] Epoch   1/100 | train=19.5341 (recon=13.8747 kl=5.6594) | val=15.2999 | beta=1.000 | 7s
[latent6_pm25wt] Epoch   2/100 | train=14.9532 (recon=7.9923 kl=6.9609) | val=14.6821 | beta=1.000 | 15s
[latent6_pm25wt] Epoch   3/100 | train=14.5635 (recon=7.5072 kl=7.0562) | val=14.4287 | beta=1.000 | 21s
[latent6_pm25wt] Epoch   4/100 | train=14.3614 (recon=7.2484 kl=7.1130) | val=14.2709 | beta=1.000 | 27s
[latent6_pm25wt] Epoch   5/100 | train=14.2307 (recon=7.0711 kl=7.1596) | val=14.1635 | beta=1.000 | 34s
[latent6_pm25wt] Epoch   6/100 | train=14.1338 (recon=6.9340 kl=7.1998) | val=14.0876 | beta=1.000 | 41s
[latent6_pm25wt] Epoch   7/100 | train=14.0568 (recon=6.8217 kl=7.2351) | val=14.0084 | beta=1.000 | 48s
[latent6_pm25wt] Epoch   8/100 | train=13.9992 (recon=6.7297 kl=7.2695) | val=13.9593 | beta=1.000 | 55s
[latent6_pm25wt] Epoch   9/100 | train=13.9444 (recon=6.6494 kl=7.2950) | val=13.9190 | beta=1.000 | 62s
[latent6_pm25wt] Epoch  10/100 | train=13.8981 (recon=6.5792 kl=7.3189) | val=13.8696 | beta=1.000 | 68s
[latent6_pm25wt] Epoch  11/100 | train=13.8554 (recon=6.5169 kl=7.3385) | val=13.8123 | beta=1.000 | 76s
[latent6_pm25wt] Epoch  12/100 | train=13.8164 (recon=6.4576 kl=7.3588) | val=13.7858 | beta=1.000 | 83s
[latent6_pm25wt] Epoch  13/100 | train=13.7731 (recon=6.3950 kl=7.3781) | val=13.7431 | beta=1.000 | 90s
[latent6_pm25wt] Epoch  14/100 | train=13.7390 (recon=6.3405 kl=7.3985) | val=13.7073 | beta=1.000 | 98s
[latent6_pm25wt] Epoch  15/100 | train=13.7043 (recon=6.2913 kl=7.4130) | val=13.6742 | beta=1.000 | 105s
[latent6_pm25wt] Epoch  16/100 | train=13.6759 (recon=6.2477 kl=7.4282) | val=13.6356 | beta=1.000 | 112s
[latent6_pm25wt] Epoch  17/100 | train=13.6486 (recon=6.2075 kl=7.4411) | val=13.6231 | beta=1.000 | 120s
[latent6_pm25wt] Epoch  18/100 | train=13.6232 (recon=6.1697 kl=7.4535) | val=13.6006 | beta=1.000 | 127s
[latent6_pm25wt] Epoch  19/100 | train=13.6004 (recon=6.1357 kl=7.4647) | val=13.5748 | beta=1.000 | 134s
[latent6_pm25wt] Epoch  20/100 | train=13.5803 (recon=6.1057 kl=7.4746) | val=13.5481 | beta=1.000 | 141s
[latent6_pm25wt] Epoch  21/100 | train=13.5593 (recon=6.0757 kl=7.4835) | val=13.5327 | beta=1.000 | 149s
[latent6_pm25wt] Epoch  22/100 | train=13.5404 (recon=6.0474 kl=7.4930) | val=13.5256 | beta=1.000 | 157s
[latent6_pm25wt] Epoch  23/100 | train=13.5254 (recon=6.0246 kl=7.5008) | val=13.4962 | beta=1.000 | 164s
[latent6_pm25wt] Epoch  24/100 | train=13.5080 (recon=5.9994 kl=7.5086) | val=13.4885 | beta=1.000 | 172s
[latent6_pm25wt] Epoch  25/100 | train=13.4970 (recon=5.9807 kl=7.5164) | val=13.4745 | beta=1.000 | 179s
[latent6_pm25wt] Epoch  26/100 | train=13.4821 (recon=5.9585 kl=7.5236) | val=13.4560 | beta=1.000 | 185s
[latent6_pm25wt] Epoch  27/100 | train=13.4714 (recon=5.9411 kl=7.5303) | val=13.4566 | beta=1.000 | 193s
[latent6_pm25wt] Epoch  28/100 | train=13.4601 (recon=5.9229 kl=7.5372) | val=13.4445 | beta=1.000 | 200s
[latent6_pm25wt] Epoch  29/100 | train=13.4508 (recon=5.9077 kl=7.5432) | val=13.4299 | beta=1.000 | 208s
[latent6_pm25wt] Epoch  30/100 | train=13.4402 (recon=5.8890 kl=7.5512) | val=13.4162 | beta=1.000 | 214s
[latent6_pm25wt] Epoch  31/100 | train=13.4308 (recon=5.8759 kl=7.5549) | val=13.4102 | beta=1.000 | 222s
[latent6_pm25wt] Epoch  32/100 | train=13.4233 (recon=5.8619 kl=7.5614) | val=13.4212 | beta=1.000 | 228s
[latent6_pm25wt] Epoch  33/100 | train=13.4126 (recon=5.8473 kl=7.5652) | val=13.3972 | beta=1.000 | 237s
[latent6_pm25wt] Epoch  34/100 | train=13.4070 (recon=5.8351 kl=7.5719) | val=13.3822 | beta=1.000 | 244s
[latent6_pm25wt] Epoch  35/100 | train=13.3989 (recon=5.8220 kl=7.5769) | val=13.3905 | beta=1.000 | 251s
[latent6_pm25wt] Epoch  36/100 | train=13.3914 (recon=5.8102 kl=7.5812) | val=13.3744 | beta=1.000 | 258s
[latent6_pm25wt] Epoch  37/100 | train=13.3864 (recon=5.8000 kl=7.5864) | val=13.3843 | beta=1.000 | 265s
[latent6_pm25wt] Epoch  38/100 | train=13.3793 (recon=5.7874 kl=7.5919) | val=13.3613 | beta=1.000 | 273s
[latent6_pm25wt] Epoch  39/100 | train=13.3732 (recon=5.7777 kl=7.5955) | val=13.3591 | beta=1.000 | 280s
[latent6_pm25wt] Epoch  40/100 | train=13.3648 (recon=5.7637 kl=7.6011) | val=13.3569 | beta=1.000 | 287s
[latent6_pm25wt] Epoch  41/100 | train=13.3634 (recon=5.7597 kl=7.6038) | val=13.3455 | beta=1.000 | 294s
[latent6_pm25wt] Epoch  42/100 | train=13.3542 (recon=5.7450 kl=7.6092) | val=13.3394 | beta=1.000 | 301s
[latent6_pm25wt] Epoch  43/100 | train=13.3519 (recon=5.7387 kl=7.6131) | val=13.3427 | beta=1.000 | 309s
[latent6_pm25wt] Epoch  44/100 | train=13.3430 (recon=5.7291 kl=7.6139) | val=13.3342 | beta=1.000 | 316s
[latent6_pm25wt] Epoch  45/100 | train=13.3367 (recon=5.7196 kl=7.6171) | val=13.3304 | beta=1.000 | 322s
[latent6_pm25wt] Epoch  46/100 | train=13.3339 (recon=5.7128 kl=7.6211) | val=13.3267 | beta=1.000 | 329s
[latent6_pm25wt] Epoch  47/100 | train=13.3246 (recon=5.7022 kl=7.6224) | val=13.3222 | beta=1.000 | 335s
[latent6_pm25wt] Epoch  48/100 | train=13.3217 (recon=5.6948 kl=7.6269) | val=13.3203 | beta=1.000 | 341s
[latent6_pm25wt] Epoch  49/100 | train=13.3188 (recon=5.6893 kl=7.6296) | val=13.3107 | beta=1.000 | 347s
[latent6_pm25wt] Epoch  50/100 | train=13.3125 (recon=5.6800 kl=7.6325) | val=13.2911 | beta=1.000 | 355s
[latent6_pm25wt] Epoch  51/100 | train=13.3082 (recon=5.6748 kl=7.6334) | val=13.2858 | beta=1.000 | 362s
[latent6_pm25wt] Epoch  52/100 | train=13.3045 (recon=5.6641 kl=7.6404) | val=13.2849 | beta=1.000 | 369s
[latent6_pm25wt] Epoch  53/100 | train=13.3000 (recon=5.6605 kl=7.6396) | val=13.2997 | beta=1.000 | 376s
[latent6_pm25wt] Epoch  54/100 | train=13.2951 (recon=5.6524 kl=7.6427) | val=13.2786 | beta=1.000 | 384s
[latent6_pm25wt] Epoch  55/100 | train=13.2930 (recon=5.6465 kl=7.6465) | val=13.2885 | beta=1.000 | 391s
[latent6_pm25wt] Epoch  56/100 | train=13.2896 (recon=5.6398 kl=7.6498) | val=13.2753 | beta=1.000 | 398s
[latent6_pm25wt] Epoch  57/100 | train=13.2844 (recon=5.6332 kl=7.6512) | val=13.2808 | beta=1.000 | 405s
[latent6_pm25wt] Epoch  58/100 | train=13.2835 (recon=5.6305 kl=7.6530) | val=13.2720 | beta=1.000 | 412s
[latent6_pm25wt] Epoch  59/100 | train=13.2793 (recon=5.6227 kl=7.6566) | val=13.2601 | beta=1.000 | 419s
[latent6_pm25wt] Epoch  60/100 | train=13.2745 (recon=5.6161 kl=7.6584) | val=13.2686 | beta=1.000 | 426s
[latent6_pm25wt] Epoch  61/100 | train=13.2724 (recon=5.6115 kl=7.6609) | val=13.2712 | beta=1.000 | 432s
[latent6_pm25wt] Epoch  62/100 | train=13.2722 (recon=5.6088 kl=7.6634) | val=13.2583 | beta=1.000 | 440s
[latent6_pm25wt] Epoch  63/100 | train=13.2655 (recon=5.5997 kl=7.6658) | val=13.2590 | beta=1.000 | 447s
[latent6_pm25wt] Epoch  64/100 | train=13.2616 (recon=5.5954 kl=7.6662) | val=13.2569 | beta=1.000 | 454s
[latent6_pm25wt] Epoch  65/100 | train=13.2581 (recon=5.5898 kl=7.6683) | val=13.2560 | beta=1.000 | 461s
[latent6_pm25wt] Epoch  66/100 | train=13.2567 (recon=5.5846 kl=7.6721) | val=13.2487 | beta=1.000 | 469s
[latent6_pm25wt] Epoch  67/100 | train=13.2534 (recon=5.5811 kl=7.6723) | val=13.2378 | beta=1.000 | 476s
[latent6_pm25wt] Epoch  68/100 | train=13.2513 (recon=5.5770 kl=7.6743) | val=13.2386 | beta=1.000 | 483s
[latent6_pm25wt] Epoch  69/100 | train=13.2495 (recon=5.5723 kl=7.6772) | val=13.2320 | beta=1.000 | 490s
[latent6_pm25wt] Epoch  70/100 | train=13.2447 (recon=5.5652 kl=7.6795) | val=13.2400 | beta=1.000 | 497s
[latent6_pm25wt] Epoch  71/100 | train=13.2435 (recon=5.5635 kl=7.6800) | val=13.2233 | beta=1.000 | 504s
[latent6_pm25wt] Epoch  72/100 | train=13.2379 (recon=5.5550 kl=7.6829) | val=13.2360 | beta=1.000 | 511s
[latent6_pm25wt] Epoch  73/100 | train=13.2395 (recon=5.5549 kl=7.6845) | val=13.2338 | beta=1.000 | 518s
[latent6_pm25wt] Epoch  74/100 | train=13.2318 (recon=5.5461 kl=7.6856) | val=13.2229 | beta=1.000 | 525s
[latent6_pm25wt] Epoch  75/100 | train=13.2340 (recon=5.5469 kl=7.6871) | val=13.2180 | beta=1.000 | 532s
[latent6_pm25wt] Epoch  76/100 | train=13.2310 (recon=5.5411 kl=7.6899) | val=13.2202 | beta=1.000 | 539s
[latent6_pm25wt] Epoch  77/100 | train=13.2258 (recon=5.5342 kl=7.6916) | val=13.2067 | beta=1.000 | 545s
[latent6_pm25wt] Epoch  78/100 | train=13.2253 (recon=5.5326 kl=7.6927) | val=13.2210 | beta=1.000 | 552s
[latent6_pm25wt] Epoch  79/100 | train=13.2221 (recon=5.5279 kl=7.6942) | val=13.2093 | beta=1.000 | 559s
[latent6_pm25wt] Epoch  80/100 | train=13.2188 (recon=5.5238 kl=7.6950) | val=13.2037 | beta=1.000 | 567s
[latent6_pm25wt] Epoch  81/100 | train=13.2185 (recon=5.5224 kl=7.6961) | val=13.2038 | beta=1.000 | 573s
[latent6_pm25wt] Epoch  82/100 | train=13.2164 (recon=5.5185 kl=7.6979) | val=13.2062 | beta=1.000 | 581s
[latent6_pm25wt] Epoch  83/100 | train=13.2147 (recon=5.5130 kl=7.7017) | val=13.2034 | beta=1.000 | 588s
[latent6_pm25wt] Epoch  84/100 | train=13.2125 (recon=5.5102 kl=7.7023) | val=13.2066 | beta=1.000 | 594s
[latent6_pm25wt] Epoch  85/100 | train=13.2099 (recon=5.5080 kl=7.7020) | val=13.2006 | beta=1.000 | 601s
[latent6_pm25wt] Epoch  86/100 | train=13.2071 (recon=5.5041 kl=7.7030) | val=13.1951 | beta=1.000 | 607s
[latent6_pm25wt] Epoch  87/100 | train=13.2045 (recon=5.4987 kl=7.7058) | val=13.1954 | beta=1.000 | 615s
[latent6_pm25wt] Epoch  88/100 | train=13.2059 (recon=5.4986 kl=7.7072) | val=13.1904 | beta=1.000 | 622s
[latent6_pm25wt] Epoch  89/100 | train=13.2051 (recon=5.4969 kl=7.7082) | val=13.1928 | beta=1.000 | 629s
[latent6_pm25wt] Epoch  90/100 | train=13.2001 (recon=5.4900 kl=7.7102) | val=13.2070 | beta=1.000 | 636s
[latent6_pm25wt] Epoch  91/100 | train=13.1989 (recon=5.4886 kl=7.7103) | val=13.2040 | beta=1.000 | 642s
[latent6_pm25wt] Epoch  92/100 | train=13.1988 (recon=5.4863 kl=7.7124) | val=13.1848 | beta=1.000 | 649s
[latent6_pm25wt] Epoch  93/100 | train=13.1932 (recon=5.4804 kl=7.7128) | val=13.1924 | beta=1.000 | 656s
[latent6_pm25wt] Epoch  94/100 | train=13.1945 (recon=5.4808 kl=7.7137) | val=13.1857 | beta=1.000 | 664s
[latent6_pm25wt] Epoch  95/100 | train=13.1900 (recon=5.4729 kl=7.7171) | val=13.1761 | beta=1.000 | 671s
[latent6_pm25wt] Epoch  96/100 | train=13.1911 (recon=5.4725 kl=7.7185) | val=13.1762 | beta=1.000 | 678s
[latent6_pm25wt] Epoch  97/100 | train=13.1894 (recon=5.4695 kl=7.7199) | val=13.1933 | beta=1.000 | 685s
[latent6_pm25wt] Epoch  98/100 | train=13.1884 (recon=5.4680 kl=7.7204) | val=13.1802 | beta=1.000 | 692s
[latent6_pm25wt] Epoch  99/100 | train=13.1842 (recon=5.4622 kl=7.7220) | val=13.2018 | beta=1.000 | 698s
[latent6_pm25wt] Epoch 100/100 | train=13.1863 (recon=5.4629 kl=7.7234) | val=13.1659 | beta=1.000 | 706s
[latent6_pm25wt] Best val loss: 13.1659, time: 705.7s
[latent6_pm25wt] DONE: val_loss=13.1659, mean_feat_r2=0.8513, overall_r2=0.8512, active_K=10/10
