[latent10_nodoy] Device: cuda
[latent10_nodoy] K=10, latent_dim=10, beta=1, kl_warmup=0, exclude_doy=True
[latent10_nodoy] 1,883,144 obs, 16 features
[latent10_nodoy] Epoch   1/100 | train=11.0427 (recon=7.8886 kl=3.1541) | val=9.5492 | beta=1.000 | 11s
[latent10_nodoy] Epoch   2/100 | train=9.4251 (recon=5.2285 kl=4.1966) | val=9.3269 | beta=1.000 | 21s
[latent10_nodoy] Epoch   3/100 | train=9.2845 (recon=5.0325 kl=4.2520) | val=9.2292 | beta=1.000 | 32s
[latent10_nodoy] Epoch   4/100 | train=9.2072 (recon=4.9291 kl=4.2781) | val=9.1677 | beta=1.000 | 44s
[latent10_nodoy] Epoch   5/100 | train=9.1570 (recon=4.8649 kl=4.2921) | val=9.1287 | beta=1.000 | 55s
[latent10_nodoy] Epoch   6/100 | train=9.1242 (recon=4.8204 kl=4.3038) | val=9.1079 | beta=1.000 | 64s
[latent10_nodoy] Epoch   7/100 | train=9.1019 (recon=4.7891 kl=4.3128) | val=9.0838 | beta=1.000 | 72s
[latent10_nodoy] Epoch   8/100 | train=9.0846 (recon=4.7626 kl=4.3220) | val=9.0701 | beta=1.000 | 82s
[latent10_nodoy] Epoch   9/100 | train=9.0723 (recon=4.7402 kl=4.3321) | val=9.0521 | beta=1.000 | 90s
[latent10_nodoy] Epoch  10/100 | train=9.0604 (recon=4.7195 kl=4.3409) | val=9.0451 | beta=1.000 | 98s
[latent10_nodoy] Epoch  11/100 | train=9.0489 (recon=4.7004 kl=4.3484) | val=9.0385 | beta=1.000 | 105s
[latent10_nodoy] Epoch  12/100 | train=9.0399 (recon=4.6851 kl=4.3548) | val=9.0281 | beta=1.000 | 112s
[latent10_nodoy] Epoch  13/100 | train=9.0325 (recon=4.6716 kl=4.3609) | val=9.0223 | beta=1.000 | 122s
[latent10_nodoy] Epoch  14/100 | train=9.0263 (recon=4.6628 kl=4.3636) | val=9.0126 | beta=1.000 | 130s
[latent10_nodoy] Epoch  15/100 | train=9.0200 (recon=4.6520 kl=4.3680) | val=9.0097 | beta=1.000 | 139s
[latent10_nodoy] Epoch  16/100 | train=9.0152 (recon=4.6456 kl=4.3696) | val=9.0046 | beta=1.000 | 148s
[latent10_nodoy] Epoch  17/100 | train=9.0093 (recon=4.6361 kl=4.3732) | val=8.9949 | beta=1.000 | 158s
[latent10_nodoy] Epoch  18/100 | train=9.0063 (recon=4.6305 kl=4.3758) | val=8.9934 | beta=1.000 | 166s
[latent10_nodoy] Epoch  19/100 | train=9.0006 (recon=4.6221 kl=4.3785) | val=8.9932 | beta=1.000 | 175s
[latent10_nodoy] Epoch  20/100 | train=8.9971 (recon=4.6159 kl=4.3812) | val=8.9854 | beta=1.000 | 185s
[latent10_nodoy] Epoch  21/100 | train=8.9916 (recon=4.6076 kl=4.3841) | val=8.9832 | beta=1.000 | 196s
[latent10_nodoy] Epoch  22/100 | train=8.9881 (recon=4.6013 kl=4.3867) | val=8.9816 | beta=1.000 | 206s
[latent10_nodoy] Epoch  23/100 | train=8.9834 (recon=4.5953 kl=4.3881) | val=8.9717 | beta=1.000 | 214s
[latent10_nodoy] Epoch  24/100 | train=8.9816 (recon=4.5903 kl=4.3912) | val=8.9718 | beta=1.000 | 223s
[latent10_nodoy] Epoch  25/100 | train=8.9787 (recon=4.5847 kl=4.3940) | val=8.9686 | beta=1.000 | 234s
[latent10_nodoy] Epoch  26/100 | train=8.9754 (recon=4.5815 kl=4.3938) | val=8.9624 | beta=1.000 | 244s
[latent10_nodoy] Epoch  27/100 | train=8.9714 (recon=4.5742 kl=4.3972) | val=8.9666 | beta=1.000 | 253s
[latent10_nodoy] Epoch  28/100 | train=8.9694 (recon=4.5705 kl=4.3990) | val=8.9565 | beta=1.000 | 266s
[latent10_nodoy] Epoch  29/100 | train=8.9675 (recon=4.5683 kl=4.3992) | val=8.9573 | beta=1.000 | 275s
[latent10_nodoy] Epoch  30/100 | train=8.9638 (recon=4.5644 kl=4.3994) | val=8.9565 | beta=1.000 | 283s
[latent10_nodoy] Epoch  31/100 | train=8.9615 (recon=4.5602 kl=4.4012) | val=8.9487 | beta=1.000 | 292s
[latent10_nodoy] Epoch  32/100 | train=8.9591 (recon=4.5563 kl=4.4028) | val=8.9501 | beta=1.000 | 301s
[latent10_nodoy] Epoch  33/100 | train=8.9572 (recon=4.5521 kl=4.4052) | val=8.9522 | beta=1.000 | 310s
[latent10_nodoy] Epoch  34/100 | train=8.9543 (recon=4.5479 kl=4.4063) | val=8.9520 | beta=1.000 | 319s
[latent10_nodoy] Epoch  35/100 | train=8.9521 (recon=4.5440 kl=4.4081) | val=8.9440 | beta=1.000 | 327s
[latent10_nodoy] Epoch  36/100 | train=8.9499 (recon=4.5406 kl=4.4093) | val=8.9445 | beta=1.000 | 335s
[latent10_nodoy] Epoch  37/100 | train=8.9481 (recon=4.5374 kl=4.4108) | val=8.9352 | beta=1.000 | 342s
[latent10_nodoy] Epoch  38/100 | train=8.9457 (recon=4.5319 kl=4.4139) | val=8.9341 | beta=1.000 | 351s
[latent10_nodoy] Epoch  39/100 | train=8.9435 (recon=4.5245 kl=4.4190) | val=8.9413 | beta=1.000 | 359s
[latent10_nodoy] Epoch  40/100 | train=8.9405 (recon=4.5202 kl=4.4203) | val=8.9324 | beta=1.000 | 367s
[latent10_nodoy] Epoch  41/100 | train=8.9371 (recon=4.5133 kl=4.4238) | val=8.9263 | beta=1.000 | 375s
[latent10_nodoy] Epoch  42/100 | train=8.9339 (recon=4.5091 kl=4.4248) | val=8.9255 | beta=1.000 | 384s
[latent10_nodoy] Epoch  43/100 | train=8.9325 (recon=4.5057 kl=4.4268) | val=8.9222 | beta=1.000 | 392s
[latent10_nodoy] Epoch  44/100 | train=8.9298 (recon=4.5007 kl=4.4291) | val=8.9200 | beta=1.000 | 401s
[latent10_nodoy] Epoch  45/100 | train=8.9285 (recon=4.4972 kl=4.4313) | val=8.9175 | beta=1.000 | 410s
[latent10_nodoy] Epoch  46/100 | train=8.9239 (recon=4.4909 kl=4.4330) | val=8.9110 | beta=1.000 | 421s
[latent10_nodoy] Epoch  47/100 | train=8.9242 (recon=4.4885 kl=4.4358) | val=8.9173 | beta=1.000 | 431s
[latent10_nodoy] Epoch  48/100 | train=8.9210 (recon=4.4830 kl=4.4380) | val=8.9130 | beta=1.000 | 442s
[latent10_nodoy] Epoch  49/100 | train=8.9205 (recon=4.4826 kl=4.4379) | val=8.9133 | beta=1.000 | 452s
[latent10_nodoy] Epoch  50/100 | train=8.9186 (recon=4.4785 kl=4.4400) | val=8.9141 | beta=1.000 | 460s
[latent10_nodoy] Epoch  51/100 | train=8.9167 (recon=4.4754 kl=4.4413) | val=8.9051 | beta=1.000 | 469s
[latent10_nodoy] Epoch  52/100 | train=8.9149 (recon=4.4736 kl=4.4413) | val=8.9085 | beta=1.000 | 477s
[latent10_nodoy] Epoch  53/100 | train=8.9139 (recon=4.4699 kl=4.4440) | val=8.9095 | beta=1.000 | 485s
[latent10_nodoy] Epoch  54/100 | train=8.9118 (recon=4.4676 kl=4.4442) | val=8.9049 | beta=1.000 | 494s
[latent10_nodoy] Epoch  55/100 | train=8.9119 (recon=4.4670 kl=4.4449) | val=8.9082 | beta=1.000 | 504s
[latent10_nodoy] Epoch  56/100 | train=8.9092 (recon=4.4634 kl=4.4457) | val=8.9024 | beta=1.000 | 512s
[latent10_nodoy] Epoch  57/100 | train=8.9094 (recon=4.4620 kl=4.4474) | val=8.8990 | beta=1.000 | 520s
[latent10_nodoy] Epoch  58/100 | train=8.9075 (recon=4.4582 kl=4.4493) | val=8.8976 | beta=1.000 | 528s
[latent10_nodoy] Epoch  59/100 | train=8.9064 (recon=4.4569 kl=4.4495) | val=8.9029 | beta=1.000 | 536s
[latent10_nodoy] Epoch  60/100 | train=8.9056 (recon=4.4567 kl=4.4489) | val=8.9022 | beta=1.000 | 545s
[latent10_nodoy] Epoch  61/100 | train=8.9035 (recon=4.4524 kl=4.4511) | val=8.8969 | beta=1.000 | 554s
[latent10_nodoy] Epoch  62/100 | train=8.9033 (recon=4.4504 kl=4.4529) | val=8.8938 | beta=1.000 | 562s
[latent10_nodoy] Epoch  63/100 | train=8.9033 (recon=4.4491 kl=4.4543) | val=8.8965 | beta=1.000 | 571s
[latent10_nodoy] Epoch  64/100 | train=8.9020 (recon=4.4474 kl=4.4546) | val=8.8958 | beta=1.000 | 580s
[latent10_nodoy] Epoch  65/100 | train=8.9011 (recon=4.4468 kl=4.4543) | val=8.8897 | beta=1.000 | 589s
[latent10_nodoy] Epoch  66/100 | train=8.8992 (recon=4.4436 kl=4.4556) | val=8.8918 | beta=1.000 | 598s
[latent10_nodoy] Epoch  67/100 | train=8.8996 (recon=4.4426 kl=4.4570) | val=8.8912 | beta=1.000 | 607s
[latent10_nodoy] Epoch  68/100 | train=8.8981 (recon=4.4392 kl=4.4589) | val=8.8923 | beta=1.000 | 615s
[latent10_nodoy] Epoch  69/100 | train=8.8982 (recon=4.4400 kl=4.4583) | val=8.8886 | beta=1.000 | 624s
[latent10_nodoy] Epoch  70/100 | train=8.8966 (recon=4.4388 kl=4.4577) | val=8.8867 | beta=1.000 | 632s
[latent10_nodoy] Epoch  71/100 | train=8.8963 (recon=4.4369 kl=4.4593) | val=8.8965 | beta=1.000 | 640s
[latent10_nodoy] Epoch  72/100 | train=8.8960 (recon=4.4360 kl=4.4600) | val=8.8864 | beta=1.000 | 648s
[latent10_nodoy] Epoch  73/100 | train=8.8953 (recon=4.4358 kl=4.4595) | val=8.8847 | beta=1.000 | 657s
[latent10_nodoy] Epoch  74/100 | train=8.8944 (recon=4.4329 kl=4.4615) | val=8.8837 | beta=1.000 | 665s
[latent10_nodoy] Epoch  75/100 | train=8.8936 (recon=4.4329 kl=4.4606) | val=8.8851 | beta=1.000 | 673s
[latent10_nodoy] Epoch  76/100 | train=8.8932 (recon=4.4311 kl=4.4620) | val=8.8830 | beta=1.000 | 680s
[latent10_nodoy] Epoch  77/100 | train=8.8929 (recon=4.4294 kl=4.4635) | val=8.8824 | beta=1.000 | 691s
[latent10_nodoy] Epoch  78/100 | train=8.8917 (recon=4.4279 kl=4.4638) | val=8.8847 | beta=1.000 | 698s
[latent10_nodoy] Epoch  79/100 | train=8.8917 (recon=4.4286 kl=4.4630) | val=8.8920 | beta=1.000 | 705s
[latent10_nodoy] Epoch  80/100 | train=8.8896 (recon=4.4249 kl=4.4648) | val=8.8813 | beta=1.000 | 712s
[latent10_nodoy] Epoch  81/100 | train=8.8900 (recon=4.4241 kl=4.4659) | val=8.8824 | beta=1.000 | 719s
[latent10_nodoy] Epoch  82/100 | train=8.8902 (recon=4.4233 kl=4.4669) | val=8.8789 | beta=1.000 | 726s
[latent10_nodoy] Epoch  83/100 | train=8.8893 (recon=4.4248 kl=4.4645) | val=8.8832 | beta=1.000 | 734s
[latent10_nodoy] Epoch  84/100 | train=8.8889 (recon=4.4211 kl=4.4678) | val=8.8759 | beta=1.000 | 743s
[latent10_nodoy] Epoch  85/100 | train=8.8881 (recon=4.4203 kl=4.4678) | val=8.8789 | beta=1.000 | 752s
[latent10_nodoy] Epoch  86/100 | train=8.8884 (recon=4.4194 kl=4.4689) | val=8.8803 | beta=1.000 | 761s
[latent10_nodoy] Epoch  87/100 | train=8.8871 (recon=4.4193 kl=4.4678) | val=8.8796 | beta=1.000 | 771s
[latent10_nodoy] Epoch  88/100 | train=8.8875 (recon=4.4187 kl=4.4688) | val=8.8785 | beta=1.000 | 782s
[latent10_nodoy] Epoch  89/100 | train=8.8876 (recon=4.4174 kl=4.4702) | val=8.8779 | beta=1.000 | 791s
[latent10_nodoy] Epoch  90/100 | train=8.8864 (recon=4.4168 kl=4.4697) | val=8.8776 | beta=1.000 | 799s
[latent10_nodoy] Epoch  91/100 | train=8.8861 (recon=4.4153 kl=4.4708) | val=8.8795 | beta=1.000 | 807s
[latent10_nodoy] Epoch  92/100 | train=8.8853 (recon=4.4148 kl=4.4705) | val=8.8789 | beta=1.000 | 815s
[latent10_nodoy] Epoch  93/100 | train=8.8843 (recon=4.4149 kl=4.4693) | val=8.8768 | beta=1.000 | 823s
[latent10_nodoy] Epoch  94/100 | train=8.8844 (recon=4.4144 kl=4.4700) | val=8.8729 | beta=1.000 | 830s
[latent10_nodoy] Epoch  95/100 | train=8.8849 (recon=4.4130 kl=4.4719) | val=8.8734 | beta=1.000 | 838s
[latent10_nodoy] Epoch  96/100 | train=8.8841 (recon=4.4131 kl=4.4710) | val=8.8768 | beta=1.000 | 846s
[latent10_nodoy] Epoch  97/100 | train=8.8829 (recon=4.4124 kl=4.4705) | val=8.8760 | beta=1.000 | 855s
[latent10_nodoy] Epoch  98/100 | train=8.8838 (recon=4.4097 kl=4.4741) | val=8.8755 | beta=1.000 | 867s
[latent10_nodoy] Epoch  99/100 | train=8.8818 (recon=4.4093 kl=4.4724) | val=8.8751 | beta=1.000 | 877s
[latent10_nodoy] Epoch 100/100 | train=8.8822 (recon=4.4105 kl=4.4718) | val=8.8711 | beta=1.000 | 886s
[latent10_nodoy] Best val loss: 8.8711, time: 885.9s
[latent10_nodoy] DONE: val_loss=8.8711, mean_feat_r2=0.7236, overall_r2=0.7235, active_K=10/10
